<?xml version="1.0" encoding="utf-8"?><testsuites name="pytest tests"><testsuite name="pytest" errors="0" failures="0" skipped="1" tests="10" time="4.376" timestamp="2026-09-05T15:22:15.189068+00:00" hostname="agent-env-eff468f8-c72f-49c0-98ce-31ecbc39c7c0"><testcase classname="backend.tests.test_iteration_18" name="test_reminder_update_time_persists" time="2.810" /><testcase classname="backend.tests.test_iteration_18" name="test_reminder_update_enabled_persists" time="0.363" /><testcase classname="backend.tests.test_iteration_18" name="test_reminder_update_both_fields" time="0.204" /><testcase classname="backend.tests.test_iteration_18" name="test_reminder_update_404_for_bad_id" time="0.056" /><testcase classname="backend.tests.test_iteration_18" name="test_intensity_trend_shape" time="0.064" /><testcase classname="backend.tests.test_iteration_18" name="test_intensity_trend_classifies_workout" time="0.219" /><testcase classname="backend.tests.test_iteration_18" name="test_intensity_trend_classifies_light" time="0.181" /><testcase classname="backend.tests.test_iteration_18" name="test_profile_exposes_streak_freeze_fields" time="0.058" /><testcase classname="backend.tests.test_iteration_18" name="test_streak_freeze_equip_and_unequip" time="0.314" /><testcase classname="backend.tests.test_iteration_18" name="test_streak_freeze_equip_when_unavailable_errors" time="0.053"><skipped type="pytest.skip" message="streakFreezeAvailable is True; cannot test unavailable case without DB manipulation">/app/backend/tests/test_iteration_18.py:180: streakFreezeAvailable is True; cannot test unavailable case without DB manipulation</skipped></testcase></testsuite></testsuites>