<?xml version="1.0" encoding="utf-8"?><testsuites name="pytest tests"><testsuite name="pytest" errors="0" failures="0" skipped="0" tests="40" time="7.079" timestamp="2026-09-03T21:13:31.116627+00:00" hostname="agent-env-eff468f8-c72f-49c0-98ce-31ecbc39c7c0"><testcase classname="backend.tests.backend_test" name="test_health" time="0.153" /><testcase classname="backend.tests.backend_test" name="test_dashboard_metrics" time="0.069" /><testcase classname="backend.tests.backend_test" name="test_activity_daily" time="0.063" /><testcase classname="backend.tests.backend_test" name="test_activity_trends" time="0.065" /><testcase classname="backend.tests.backend_test" name="test_activity_log_water" time="0.065" /><testcase classname="backend.tests.backend_test" name="test_activity_log_workout" time="0.064" /><testcase classname="backend.tests.backend_test" name="test_nutrition_logs_get" time="0.064" /><testcase classname="backend.tests.backend_test" name="test_nutrition_logs_post" time="0.062" /><testcase classname="backend.tests.backend_test" name="test_nutrition_logs_post_invalid_mealtype_returns_400" time="0.059" /><testcase classname="backend.tests.backend_test" name="test_activity_log_no_500_on_invalid" time="0.061" /><testcase classname="backend.tests.backend_test" name="test_activity_water_no_500_on_invalid" time="0.067" /><testcase classname="backend.tests.backend_test" name="test_activity_log_with_title_appears_in_daily_workouts" time="0.139" /><testcase classname="backend.tests.backend_test" name="test_podcast_listen_increments_counter" time="0.284" /><testcase classname="backend.tests.backend_test" name="test_podcasts_list" time="0.064" /><testcase classname="backend.tests.backend_test" name="test_user_profile" time="0.087" /><testcase classname="backend.tests.backend_test" name="test_user_update_weight_and_persist" time="0.132" /><testcase classname="backend.tests.backend_test" name="test_user_reminders_list_and_toggle" time="0.126" /><testcase classname="backend.tests.backend_test" name="test_user_update_profile_and_persist" time="0.177" /><testcase classname="backend.tests.backend_test" name="test_community_leaderboard" time="0.060" /><testcase classname="backend.tests.backend_test" name="test_unknown_route_404" time="0.057" /><testcase classname="backend.tests.test_auth" name="test_demo_login" time="0.097" /><testcase classname="backend.tests.test_auth" name="test_login_success" time="0.109" /><testcase classname="backend.tests.test_auth" name="test_login_missing_fields" time="0.108" /><testcase classname="backend.tests.test_auth" name="test_login_missing_password" time="0.110" /><testcase classname="backend.tests.test_auth" name="test_signup_success" time="0.098" /><testcase classname="backend.tests.test_auth" name="test_signup_missing_fields" time="0.117" /><testcase classname="backend.tests.test_auth" name="test_me_no_token" time="0.094" /><testcase classname="backend.tests.test_auth" name="test_me_invalid_token" time="0.128" /><testcase classname="backend.tests.test_auth" name="test_me_valid_token" time="0.178" /><testcase classname="backend.tests.test_new_features" name="test_profile_has_streak_fields" time="2.443" /><testcase classname="backend.tests.test_new_features" name="test_podcast_first_listen_bumps_streak_to_3" time="0.168" /><testcase classname="backend.tests.test_new_features" name="test_podcast_same_day_second_listen_streak_stays_sessions_increment" time="0.114" /><testcase classname="backend.tests.test_new_features" name="test_reminders_seeded_correctly" time="0.057" /><testcase classname="backend.tests.test_new_features" name="test_workout_log_and_delete_still_works" time="0.186" /><testcase classname="backend.tests.test_workout_delete" name="test_daily_shape" time="0.093" /><testcase classname="backend.tests.test_workout_delete" name="test_log_workout_returns_steps_and_id" time="0.107" /><testcase classname="backend.tests.test_workout_delete" name="test_delete_workout_decrements_and_removes" time="0.209" /><testcase classname="backend.tests.test_workout_delete" name="test_delete_invalid_workout_returns_404" time="0.055" /><testcase classname="backend.tests.test_workout_delete" name="test_delete_already_deleted_returns_404" time="0.210" /><testcase classname="backend.tests.test_workout_delete" name="test_regression_endpoints" time="0.400" /></testsuite></testsuites>