<?xml version="1.0" encoding="utf-8"?><testsuites name="pytest tests"><testsuite name="pytest" errors="0" failures="0" skipped="0" tests="5" time="3.203" timestamp="2026-09-03T20:05:19.702621+00:00" hostname="agent-env-eff468f8-c72f-49c0-98ce-31ecbc39c7c0"><testcase classname="backend.tests.test_new_features" name="test_profile_has_streak_fields" time="2.453" /><testcase classname="backend.tests.test_new_features" name="test_podcast_first_listen_bumps_streak_to_3" time="0.306" /><testcase classname="backend.tests.test_new_features" name="test_podcast_same_day_second_listen_streak_stays_sessions_increment" time="0.149" /><testcase classname="backend.tests.test_new_features" name="test_reminders_seeded_correctly" time="0.058" /><testcase classname="backend.tests.test_new_features" name="test_workout_log_and_delete_still_works" time="0.186" /></testsuite></testsuites>