<?xml version="1.0" encoding="utf-8"?><testsuites name="pytest tests"><testsuite name="pytest" errors="0" failures="0" skipped="0" tests="46" time="7.875" timestamp="2026-09-04T06:43:26.904397+00:00" hostname="agent-env-eff468f8-c72f-49c0-98ce-31ecbc39c7c0"><testcase classname="backend.tests.backend_test" name="test_health" time="0.121" /><testcase classname="backend.tests.backend_test" name="test_dashboard_metrics" time="0.056" /><testcase classname="backend.tests.backend_test" name="test_activity_daily" time="0.055" /><testcase classname="backend.tests.backend_test" name="test_activity_trends" time="0.052" /><testcase classname="backend.tests.backend_test" name="test_activity_log_water" time="0.057" /><testcase classname="backend.tests.backend_test" name="test_activity_log_workout" time="0.054" /><testcase classname="backend.tests.backend_test" name="test_nutrition_logs_get" time="0.052" /><testcase classname="backend.tests.backend_test" name="test_nutrition_logs_post" time="0.058" /><testcase classname="backend.tests.backend_test" name="test_nutrition_logs_post_invalid_mealtype_returns_400" time="0.054" /><testcase classname="backend.tests.backend_test" name="test_activity_log_no_500_on_invalid" time="0.060" /><testcase classname="backend.tests.backend_test" name="test_activity_water_no_500_on_invalid" time="0.057" /><testcase classname="backend.tests.backend_test" name="test_activity_log_with_title_appears_in_daily_workouts" time="0.309" /><testcase classname="backend.tests.backend_test" name="test_podcast_listen_increments_counter" time="0.231" /><testcase classname="backend.tests.backend_test" name="test_podcasts_list" time="0.057" /><testcase classname="backend.tests.backend_test" name="test_user_profile" time="0.049" /><testcase classname="backend.tests.backend_test" name="test_user_update_weight_and_persist" time="0.098" /><testcase classname="backend.tests.backend_test" name="test_user_reminders_list_and_toggle" time="0.100" /><testcase classname="backend.tests.backend_test" name="test_user_update_profile_and_persist" time="0.149" /><testcase classname="backend.tests.backend_test" name="test_community_leaderboard" time="0.056" /><testcase classname="backend.tests.backend_test" name="test_unknown_route_404" time="0.047" /><testcase classname="backend.tests.test_auth" name="test_demo_login" time="0.104" /><testcase classname="backend.tests.test_auth" name="test_login_success" time="0.093" /><testcase classname="backend.tests.test_auth" name="test_login_missing_fields" time="0.095" /><testcase classname="backend.tests.test_auth" name="test_login_missing_password" time="0.096" /><testcase classname="backend.tests.test_auth" name="test_signup_success" time="0.115" /><testcase classname="backend.tests.test_auth" name="test_signup_missing_fields" time="0.095" /><testcase classname="backend.tests.test_auth" name="test_me_no_token" time="0.095" /><testcase classname="backend.tests.test_auth" name="test_me_invalid_token" time="0.112" /><testcase classname="backend.tests.test_auth" name="test_me_valid_token" time="0.155" /><testcase classname="backend.tests.test_health_score_history" name="test_health_score_history_week" time="0.113" /><testcase classname="backend.tests.test_health_score_history" name="test_health_score_history_month" time="0.108" /><testcase classname="backend.tests.test_health_score_history" name="test_health_score_history_deterministic" time="0.237" /><testcase classname="backend.tests.test_health_score_history" name="test_health_score_history_default_is_week" time="0.095" /><testcase classname="backend.tests.test_new_features" name="test_profile_has_streak_fields" time="2.358" /><testcase classname="backend.tests.test_new_features" name="test_podcast_first_listen_bumps_streak_to_3" time="0.194" /><testcase classname="backend.tests.test_new_features" name="test_podcast_same_day_second_listen_streak_stays_sessions_increment" time="0.115" /><testcase classname="backend.tests.test_new_features" name="test_reminders_seeded_correctly" time="0.064" /><testcase classname="backend.tests.test_new_features" name="test_workout_log_and_delete_still_works" time="0.197" /><testcase classname="backend.tests.test_weekly_digest" name="test_weekly_digest_returns_all_fields" time="0.259" /><testcase classname="backend.tests.test_weekly_digest" name="test_weekly_digest_without_auth_returns_data" time="0.104" /><testcase classname="backend.tests.test_workout_delete" name="test_daily_shape" time="0.104" /><testcase classname="backend.tests.test_workout_delete" name="test_log_workout_returns_steps_and_id" time="0.116" /><testcase classname="backend.tests.test_workout_delete" name="test_delete_workout_decrements_and_removes" time="0.289" /><testcase classname="backend.tests.test_workout_delete" name="test_delete_invalid_workout_returns_404" time="0.062" /><testcase classname="backend.tests.test_workout_delete" name="test_delete_already_deleted_returns_404" time="0.253" /><testcase classname="backend.tests.test_workout_delete" name="test_regression_endpoints" time="0.393" /></testsuite></testsuites>