<?xml version="1.0" encoding="utf-8"?><testsuites name="pytest tests"><testsuite name="pytest" errors="0" failures="0" skipped="0" tests="23" time="6.386" timestamp="2026-09-08T09:16:04.017849+00:00" hostname="agent-env-eff468f8-c72f-49c0-98ce-31ecbc39c7c0"><testcase classname="backend.tests.test_iteration_22.TestSuite1_GraceDemoData" name="test_login_grace" time="0.247" /><testcase classname="backend.tests.test_iteration_22.TestSuite1_GraceDemoData" name="test_dashboard_steps_15290" time="0.128" /><testcase classname="backend.tests.test_iteration_22.TestSuite1_GraceDemoData" name="test_podcast_streak" time="0.119" /><testcase classname="backend.tests.test_iteration_22.TestSuite1_GraceDemoData" name="test_nutrition_seeded_meals" time="0.243" /><testcase classname="backend.tests.test_iteration_22.TestSuite1_GraceDemoData" name="test_activity_trends_7days" time="0.114" /><testcase classname="backend.tests.test_iteration_22.TestSuite2_Isolation" name="test_new_user_daily_zero" time="0.363" /><testcase classname="backend.tests.test_iteration_22.TestSuite2_Isolation" name="test_new_user_trends_empty" time="0.141" /><testcase classname="backend.tests.test_iteration_22.TestSuite2_Isolation" name="test_new_user_reminders_copy" time="0.100" /><testcase classname="backend.tests.test_iteration_22.TestSuite2_Isolation" name="test_grace_unchanged_after_new_registration" time="0.105" /><testcase classname="backend.tests.test_iteration_22.TestSuite3_Leaderboard" name="test_grace_today_rank1" time="0.128" /><testcase classname="backend.tests.test_iteration_22.TestSuite3_Leaderboard" name="test_new_user_leaderboard_replaces_grace" time="0.204" /><testcase classname="backend.tests.test_iteration_22.TestSuite3_Leaderboard" name="test_week_vs_today_ordering_differs" time="0.205" /><testcase classname="backend.tests.test_iteration_22.TestSuite4_Profile" name="test_goal_presets_persist" time="0.404" /><testcase classname="backend.tests.test_iteration_22.TestSuite4_Profile" name="test_avatar_svg_data_uri" time="0.451" /><testcase classname="backend.tests.test_iteration_22.TestSuite4_Profile" name="test_password_change_roundtrip" time="1.260" /><testcase classname="backend.tests.test_iteration_22.TestSuite4_Profile" name="test_wrong_current_password_401" time="0.176" /><testcase classname="backend.tests.test_iteration_22.TestSuite5_SessionForgot" name="test_invalid_token_401" time="0.094" /><testcase classname="backend.tests.test_iteration_22.TestSuite5_SessionForgot" name="test_forgot_reset_roundtrip" time="1.001" /><testcase classname="backend.tests.test_iteration_22.TestSuite5_SessionForgot" name="test_forgot_unknown_email_no_leak" time="0.111" /><testcase classname="backend.tests.test_iteration_22.TestSuite6_Security" name="test_login_no_secret_fields" time="0.193" /><testcase classname="backend.tests.test_iteration_22.TestSuite6_Security" name="test_register_no_secret_fields" time="0.196" /><testcase classname="backend.tests.test_iteration_22.TestSuite6_Security" name="test_social_no_secret_fields" time="0.113" /><testcase classname="backend.tests.test_iteration_22.TestSuite6_Security" name="test_profile_and_me_no_secret_fields" time="0.198" /></testsuite></testsuites>