<?xml version="1.0" encoding="utf-8"?><testsuites name="pytest tests"><testsuite name="pytest" errors="0" failures="0" skipped="0" tests="11" time="3.913" timestamp="2026-09-08T09:03:28.803021+00:00" hostname="agent-env-eff468f8-c72f-49c0-98ce-31ecbc39c7c0"><testcase classname="backend.tests.test_iteration_21.TestLeaderboardRange" name="test_today_requires_auth" time="0.318" /><testcase classname="backend.tests.test_iteration_21.TestLeaderboardRange" name="test_week_requires_auth" time="0.096" /><testcase classname="backend.tests.test_iteration_21.TestLeaderboardRange" name="test_today_order" time="0.456" /><testcase classname="backend.tests.test_iteration_21.TestLeaderboardRange" name="test_week_order_and_reorder" time="0.125" /><testcase classname="backend.tests.test_iteration_21.TestChangePassword" name="test_no_auth" time="0.102" /><testcase classname="backend.tests.test_iteration_21.TestChangePassword" name="test_wrong_current" time="0.215" /><testcase classname="backend.tests.test_iteration_21.TestChangePassword" name="test_short_new_password" time="0.117" /><testcase classname="backend.tests.test_iteration_21.TestChangePassword" name="test_success_and_revert" time="1.159" /><testcase classname="backend.tests.test_iteration_21.TestProfileGoalsAndAvatar" name="test_get_initial" time="0.119" /><testcase classname="backend.tests.test_iteration_21.TestProfileGoalsAndAvatar" name="test_weight_loss_preset_save_and_revert" time="0.626" /><testcase classname="backend.tests.test_iteration_21.TestProfileGoalsAndAvatar" name="test_avatar_data_uri_persists" time="0.516" /></testsuite></testsuites>