<?xml version="1.0" encoding="utf-8"?><testsuites name="pytest tests"><testsuite name="pytest" errors="0" failures="0" skipped="0" tests="10" time="3.452" timestamp="2026-09-07T07:32:30.390523+00:00" hostname="agent-env-eff468f8-c72f-49c0-98ce-31ecbc39c7c0"><testcase classname="backend.tests.test_multi_tenant_auth" name="test_grace_login_new_email" time="0.532" /><testcase classname="backend.tests.test_multi_tenant_auth" name="test_grace_old_email_fails" time="0.122" /><testcase classname="backend.tests.test_multi_tenant_auth" name="test_wrong_password_401" time="0.317" /><testcase classname="backend.tests.test_multi_tenant_auth" name="test_protected_no_token_401" time="0.475" /><testcase classname="backend.tests.test_multi_tenant_auth" name="test_me_endpoint_with_token" time="0.318" /><testcase classname="backend.tests.test_multi_tenant_auth" name="test_register_new_user_zeroed_and_isolated" time="0.533" /><testcase classname="backend.tests.test_multi_tenant_auth" name="test_duplicate_registration_409" time="0.303" /><testcase classname="backend.tests.test_multi_tenant_auth" name="test_social_google_creates_isolated_and_reuses" time="0.303" /><testcase classname="backend.tests.test_multi_tenant_auth" name="test_social_apple" time="0.174" /><testcase classname="backend.tests.test_multi_tenant_auth" name="test_new_user_does_not_see_grace_data" time="0.327" /></testsuite></testsuites>