<?xml version="1.0" encoding="utf-8"?><testsuites name="pytest tests"><testsuite name="pytest" errors="0" failures="0" skipped="0" tests="9" time="1.116" timestamp="2026-09-03T20:50:29.439134+00:00" hostname="agent-env-eff468f8-c72f-49c0-98ce-31ecbc39c7c0"><testcase classname="backend.tests.test_auth" name="test_demo_login" time="0.192" /><testcase classname="backend.tests.test_auth" name="test_login_success" time="0.103" /><testcase classname="backend.tests.test_auth" name="test_login_missing_fields" time="0.089" /><testcase classname="backend.tests.test_auth" name="test_login_missing_password" time="0.102" /><testcase classname="backend.tests.test_auth" name="test_signup_success" time="0.109" /><testcase classname="backend.tests.test_auth" name="test_signup_missing_fields" time="0.093" /><testcase classname="backend.tests.test_auth" name="test_me_no_token" time="0.114" /><testcase classname="backend.tests.test_auth" name="test_me_invalid_token" time="0.101" /><testcase classname="backend.tests.test_auth" name="test_me_valid_token" time="0.146" /></testsuite></testsuites>