<?xml version="1.0" encoding="utf-8"?><testsuites name="pytest tests"><testsuite name="pytest" errors="0" failures="0" skipped="0" tests="20" time="2.053" timestamp="2026-09-03T19:39:56.636335+00:00" hostname="agent-env-eff468f8-c72f-49c0-98ce-31ecbc39c7c0"><testcase classname="backend.tests.backend_test" name="test_health" time="0.264" /><testcase classname="backend.tests.backend_test" name="test_dashboard_metrics" time="0.062" /><testcase classname="backend.tests.backend_test" name="test_activity_daily" time="0.184" /><testcase classname="backend.tests.backend_test" name="test_activity_trends" time="0.065" /><testcase classname="backend.tests.backend_test" name="test_activity_log_water" time="0.054" /><testcase classname="backend.tests.backend_test" name="test_activity_log_workout" time="0.060" /><testcase classname="backend.tests.backend_test" name="test_nutrition_logs_get" time="0.062" /><testcase classname="backend.tests.backend_test" name="test_nutrition_logs_post" time="0.069" /><testcase classname="backend.tests.backend_test" name="test_nutrition_logs_post_invalid_mealtype_returns_400" time="0.056" /><testcase classname="backend.tests.backend_test" name="test_activity_log_no_500_on_invalid" time="0.056" /><testcase classname="backend.tests.backend_test" name="test_activity_water_no_500_on_invalid" time="0.054" /><testcase classname="backend.tests.backend_test" name="test_activity_log_with_title_appears_in_daily_workouts" time="0.155" /><testcase classname="backend.tests.backend_test" name="test_podcast_listen_increments_counter" time="0.231" /><testcase classname="backend.tests.backend_test" name="test_podcasts_list" time="0.053" /><testcase classname="backend.tests.backend_test" name="test_user_profile" time="0.062" /><testcase classname="backend.tests.backend_test" name="test_user_update_weight_and_persist" time="0.110" /><testcase classname="backend.tests.backend_test" name="test_user_reminders_list_and_toggle" time="0.120" /><testcase classname="backend.tests.backend_test" name="test_user_update_profile_and_persist" time="0.170" /><testcase classname="backend.tests.backend_test" name="test_community_leaderboard" time="0.053" /><testcase classname="backend.tests.backend_test" name="test_unknown_route_404" time="0.054" /></testsuite></testsuites>